\BOOKMARK [0][-]{chapter.1}{\376\377\000E\000l\000\040\000o\000r\000d\000e\000n\000a\000d\000o\000r\000:\000\040\000u\000n\000a\000\040\000m\000\341\000q\000u\000i\000n\000a\000\040\000p\000r\000o\000g\000r\000a\000m\000a\000b\000l\000e}{}% 1
\BOOKMARK [1][-]{section.1.1}{\376\377\000A\000r\000q\000u\000i\000t\000e\000c\000t\000u\000r\000a\000\040\000v\000o\000n\000\040\000N\000e\000u\000m\000a\000n\000n}{chapter.1}% 2
\BOOKMARK [2][-]{subsection.1.1.1}{\376\377\000U\000n\000i\000d\000a\000d\000\040\000d\000e\000\040\000p\000r\000o\000c\000e\000s\000a\000m\000i\000e\000n\000t\000o}{section.1.1}% 3
\BOOKMARK [2][-]{subsection.1.1.2}{\376\377\000M\000e\000m\000o\000r\000i\000a\000\040\000p\000r\000i\000n\000c\000i\000p\000a\000l}{section.1.1}% 4
\BOOKMARK [2][-]{subsection.1.1.3}{\376\377\000U\000n\000i\000d\000a\000d\000\040\000d\000e\000\040\000E\000n\000t\000r\000a\000d\000a\000/\000S\000a\000l\000i\000d\000a}{section.1.1}% 5
\BOOKMARK [1][-]{section.1.2}{\376\377\000S\000o\000f\000t\000w\000a\000r\000e\000\040\000y\000\040\000c\000l\000a\000s\000i\000f\000i\000c\000a\000c\000i\000\363\000n\000\040\000d\000e\000l\000\040\000s\000o\000f\000t\000w\000a\000r\000e}{chapter.1}% 6
\BOOKMARK [0][-]{chapter.2}{\376\377\000R\000e\000l\000a\000c\000i\000\363\000n\000\040\000s\000o\000f\000t\000w\000a\000r\000e\000-\000h\000a\000r\000d\000w\000a\000r\000e}{}% 7
\BOOKMARK [1][-]{section.2.1}{\376\377\000S\000i\000s\000t\000e\000m\000a\000s\000\040\000o\000p\000e\000r\000a\000t\000i\000v\000o\000s}{chapter.2}% 8
\BOOKMARK [1][-]{section.2.2}{\376\377\000A\000p\000l\000i\000c\000a\000c\000i\000o\000n\000e\000s}{chapter.2}% 9
\BOOKMARK [0][-]{chapter.3}{\376\377\000L\000e\000n\000g\000u\000a\000j\000e\000s\000\040\000d\000e\000\040\000p\000r\000o\000g\000r\000a\000m\000a\000c\000i\000\363\000n\000:\000\040\000e\000v\000o\000l\000u\000c\000i\000\363\000n\000\040\000h\000i\000s\000t\000\363\000r\000i\000c\000a}{}% 10
\BOOKMARK [1][-]{section.3.1}{\376\377\000L\000e\000n\000g\000u\000a\000j\000e\000\040\000m\000\341\000q\000u\000i\000n\000a}{chapter.3}% 11
\BOOKMARK [1][-]{section.3.2}{\376\377\000L\000e\000n\000g\000u\000a\000j\000e\000\040\000e\000n\000s\000a\000m\000b\000l\000a\000d\000o\000r}{chapter.3}% 12
\BOOKMARK [1][-]{section.3.3}{\376\377\000L\000e\000n\000g\000u\000a\000j\000e\000\040\000d\000e\000\040\000a\000l\000t\000o\000\040\000n\000i\000v\000e\000l}{chapter.3}% 13
\BOOKMARK [1][-]{section.3.4}{\376\377\000E\000n\000\040\000r\000e\000s\000u\000m\000e\000n}{chapter.3}% 14
\BOOKMARK [0][-]{chapter.4}{\376\377\000P\000r\000\341\000c\000t\000i\000c\000a\000\040\0001\000:\000\040\000I\000n\000t\000r\000o\000d\000u\000c\000c\000i\000\363\000n\000\040\000a\000l\000\040\000d\000e\000s\000a\000r\000r\000o\000l\000l\000o\000\040\000d\000e\000\040\000s\000o\000f\000t\000w\000a\000r\000e\000\040\000y\000\040\000l\000e\000n\000g\000u\000a\000j\000e\000s\000\040\000d\000e\000\040\000p\000r\000o\000g\000r\000a\000m\000a\000c\000i\000\363\000n}{}% 15
\BOOKMARK [1][-]{section.4.1}{\376\377\000C\000r\000i\000t\000e\000r\000i\000o\000s\000\040\000d\000e\000\040\000e\000v\000a\000l\000u\000a\000c\000i\000\363\000n}{chapter.4}% 16
\BOOKMARK [0][-]{chapter.5}{\376\377\000L\000e\000n\000g\000u\000a\000j\000e\000s\000\040\000d\000e\000\040\000a\000l\000t\000o\000\040\000n\000i\000v\000e\000l\000:\000\040\000c\000l\000a\000s\000i\000f\000i\000c\000a\000c\000i\000\363\000n}{}% 17
\BOOKMARK [1][-]{section.5.1}{\376\377\000C\000\363\000d\000i\000g\000o\000\040\000e\000s\000p\000a\000g\000u\000e\000t\000i\000:\000\040\000p\000a\000r\000a\000d\000i\000g\000m\000a\000\040\000a\000\040\000e\000v\000i\000t\000a\000r}{chapter.5}% 18
\BOOKMARK [1][-]{section.5.2}{\376\377\000P\000r\000o\000g\000r\000a\000m\000a\000c\000i\000\363\000n\000\040\000e\000s\000t\000r\000u\000c\000t\000u\000r\000a\000d\000a}{chapter.5}% 19
\BOOKMARK [1][-]{section.5.3}{\376\377\000P\000r\000o\000g\000r\000a\000m\000a\000c\000i\000\363\000n\000\040\000m\000o\000d\000u\000l\000a\000r}{chapter.5}% 20
\BOOKMARK [1][-]{section.5.4}{\376\377\000P\000r\000o\000g\000r\000a\000m\000a\000c\000i\000\363\000n\000\040\000o\000r\000i\000e\000n\000t\000a\000d\000a\000\040\000a\000\040\000o\000b\000j\000e\000t\000o\000s}{chapter.5}% 21
\BOOKMARK [0][-]{chapter.6}{\376\377\000F\000a\000s\000e\000s\000\040\000e\000n\000\040\000l\000a\000\040\000o\000b\000t\000e\000n\000c\000i\000\363\000n\000\040\000d\000e\000l\000\040\000c\000\363\000d\000i\000g\000o}{}% 22
\BOOKMARK [1][-]{section.6.1}{\376\377\000C\000\363\000d\000i\000g\000o\000\040\000f\000u\000e\000n\000t\000e\000,\000\040\000o\000b\000j\000e\000t\000o\000\040\000y\000\040\000e\000j\000e\000c\000u\000t\000a\000b\000l\000e}{chapter.6}% 23
\BOOKMARK [2][-]{subsection.6.1.1}{\376\377\000C\000\363\000d\000i\000g\000o\000\040\000f\000u\000e\000n\000t\000e}{section.6.1}% 24
\BOOKMARK [2][-]{subsection.6.1.2}{\376\377\000C\000\363\000d\000i\000g\000o\000\040\000o\000b\000j\000e\000t\000o}{section.6.1}% 25
\BOOKMARK [2][-]{subsection.6.1.3}{\376\377\000C\000\363\000d\000i\000g\000o\000\040\000e\000j\000e\000c\000u\000t\000a\000b\000l\000e\000\040\000o\000\040\000m\000\341\000q\000u\000i\000n\000a}{section.6.1}% 26
\BOOKMARK [1][-]{section.6.2}{\376\377\000T\000r\000a\000d\000u\000c\000t\000o\000r\000e\000s\000\040\000d\000e\000\040\000c\000\363\000d\000i\000g\000o}{chapter.6}% 27
\BOOKMARK [1][-]{section.6.3}{\376\377\000C\000o\000m\000p\000i\000l\000a\000d\000o\000r\000e\000s\000:\000\040\000p\000r\000o\000c\000e\000s\000o\000\040\000d\000e\000\040\000t\000r\000a\000d\000u\000c\000c\000i\000\363\000n}{chapter.6}% 28
\BOOKMARK [1][-]{section.6.4}{\376\377\000C\000\363\000d\000i\000g\000o\000\040\000i\000n\000t\000e\000r\000m\000e\000d\000i\000o\000\040\000y\000\040\000m\000\341\000q\000u\000i\000n\000a\000s\000\040\000v\000i\000r\000t\000u\000a\000l\000e\000s}{chapter.6}% 29
\BOOKMARK [0][-]{chapter.7}{\376\377\000L\000a\000b\000o\000r\000a\000t\000o\000r\000i\000o\000\040\0001\000:\000\040\000g\000e\000n\000e\000r\000a\000c\000i\000\363\000n\000\040\000d\000e\000\040\000c\000\363\000d\000i\000g\000o\000\040\000m\000\341\000q\000u\000i\000n\000a}{}% 30
\BOOKMARK [1][-]{section.7.1}{\376\377\000P\000a\000s\000o\000\040\0001\000:\000\040\000e\000s\000c\000r\000i\000b\000i\000r\000\040\000e\000l\000\040\000p\000r\000o\000g\000r\000a\000m\000a}{chapter.7}% 31
\BOOKMARK [1][-]{section.7.2}{\376\377\000P\000a\000s\000o\000\040\0002\000:\000\040\000g\000e\000n\000e\000r\000a\000\040\000e\000l\000\040\000c\000\363\000d\000i\000g\000o\000\040\000e\000n\000s\000a\000m\000b\000l\000a\000d\000o\000r}{chapter.7}% 32
\BOOKMARK [1][-]{section.7.3}{\376\377\000P\000a\000s\000o\000\040\0003\000:\000\040\000g\000e\000n\000e\000r\000a\000\040\000e\000l\000\040\000c\000\363\000d\000i\000g\000o\000\040\000o\000b\000j\000e\000t\000o}{chapter.7}% 33
\BOOKMARK [1][-]{section.7.4}{\376\377\000P\000a\000s\000o\000\040\0004\000:\000\040\000i\000n\000s\000p\000e\000c\000c\000i\000o\000n\000a\000r\000\040\000e\000l\000\040\000c\000\363\000d\000i\000g\000o\000\040\000o\000b\000j\000e\000t\000o}{chapter.7}% 34
\BOOKMARK [1][-]{section.7.5}{\376\377\000P\000a\000s\000o\000\040\0005\000:\000\040\000g\000e\000n\000e\000r\000a\000r\000\040\000e\000l\000\040\000c\000\363\000d\000i\000g\000o\000\040\000m\000\341\000q\000u\000i\000n\000a\000\040\000e\000j\000e\000c\000u\000t\000a\000b\000l\000e}{chapter.7}% 35
\BOOKMARK [1][-]{section.7.6}{\376\377\000P\000a\000s\000o\000\040\0006\000:\000\040\000e\000j\000e\000c\000u\000t\000a\000\040\000e\000l\000\040\000p\000r\000o\000g\000r\000a\000m\000a}{chapter.7}% 36
\BOOKMARK [1][-]{section.7.7}{\376\377\000E\000n\000t\000r\000e\000g\000a}{chapter.7}% 37
\BOOKMARK [1][-]{section.7.8}{\376\377\000C\000r\000i\000t\000e\000r\000i\000o\000s\000\040\000d\000e\000\040\000e\000v\000a\000l\000u\000a\000c\000i\000\363\000n}{chapter.7}% 38
\BOOKMARK [0][-]{chapter.8}{\376\377\000L\000a\000b\000o\000r\000a\000t\000o\000r\000i\000o\000\040\0002\000:\000\040\000g\000e\000n\000e\000r\000a\000c\000i\000\363\000n\000\040\000d\000e\000\040\000b\000y\000t\000e\000c\000o\000d\000e}{}% 39
\BOOKMARK [1][-]{section.8.1}{\376\377\000P\000a\000s\000o\000\040\0001\000:\000\040\000e\000s\000c\000r\000i\000b\000i\000r\000\040\000e\000l\000\040\000p\000r\000o\000g\000r\000a\000m\000a}{chapter.8}% 40
\BOOKMARK [1][-]{section.8.2}{\376\377\000P\000a\000s\000o\000\040\0002\000:\000\040\000c\000o\000m\000p\000i\000l\000a\000r\000\040\000p\000r\000o\000g\000r\000a\000m\000a\000\040\000e\000n\000\040\000J\000a\000v\000a}{chapter.8}% 41
\BOOKMARK [1][-]{section.8.3}{\376\377\000P\000a\000s\000o\000\040\0003\000:\000\040\000a\000n\000\341\000l\000i\000s\000i\000s\000\040\000d\000e\000l\000\040\000b\000y\000t\000e\000c\000o\000d\000e}{chapter.8}% 42
\BOOKMARK [1][-]{section.8.4}{\376\377\000P\000a\000s\000o\000\040\0004\000:\000\040\000v\000i\000s\000u\000a\000l\000i\000z\000a\000r\000\040\000e\000l\000\040\000c\000\363\000d\000i\000g\000o\000\040\000m\000\341\000q\000u\000i\000n\000a}{chapter.8}% 43
\BOOKMARK [1][-]{section.8.5}{\376\377\000E\000n\000t\000r\000e\000g\000a}{chapter.8}% 44
\BOOKMARK [1][-]{section.8.6}{\376\377\000C\000r\000i\000t\000e\000r\000i\000o\000s\000\040\000d\000e\000\040\000e\000v\000a\000l\000u\000a\000c\000i\000\363\000n}{chapter.8}% 45
